Determining if the pthread_create exist failed with the following output:
Change Dir: /home/eliad93/s18_project/cmake-gtest-gbench-starter/build/CMakeFiles/CMakeTmp

Run Build Command:"/usr/bin/make" "cmTC_9be2a/fast"
make: Warning: File 'Makefile' has modification time 0.89 s in the future
/usr/bin/make -f CMakeFiles/cmTC_9be2a.dir/build.make CMakeFiles/cmTC_9be2a.dir/build
make[1]: Entering directory '/home/eliad93/s18_project/cmake-gtest-gbench-starter/build/CMakeFiles/CMakeTmp'
make[1]: Warning: File 'CMakeFiles/cmTC_9be2a.dir/flags.make' has modification time 0.89 s in the future
Building C object CMakeFiles/cmTC_9be2a.dir/CheckSymbolExists.c.o
/usr/bin/cc     -o CMakeFiles/cmTC_9be2a.dir/CheckSymbolExists.c.o   -c /home/eliad93/s18_project/cmake-gtest-gbench-starter/build/CMakeFiles/CMakeTmp/CheckSymbolExists.c
Linking C executable cmTC_9be2a
/usr/bin/cmake -E cmake_link_script CMakeFiles/cmTC_9be2a.dir/link.txt --verbose=1
/usr/bin/cc       CMakeFiles/cmTC_9be2a.dir/CheckSymbolExists.c.o  -o cmTC_9be2a -rdynamic 
CMakeFiles/cmTC_9be2a.dir/CheckSymbolExists.c.o: In function `main':
CheckSymbolExists.c:(.text+0x16): undefined reference to `pthread_create'
collect2: error: ld returned 1 exit status
CMakeFiles/cmTC_9be2a.dir/build.make:97: recipe for target 'cmTC_9be2a' failed
make[1]: *** [cmTC_9be2a] Error 1
make[1]: Leaving directory '/home/eliad93/s18_project/cmake-gtest-gbench-starter/build/CMakeFiles/CMakeTmp'
Makefile:126: recipe for target 'cmTC_9be2a/fast' failed
make: *** [cmTC_9be2a/fast] Error 2

File /home/eliad93/s18_project/cmake-gtest-gbench-starter/build/CMakeFiles/CMakeTmp/CheckSymbolExists.c:
/* */
#include <pthread.h>

int main(int argc, char** argv)
{
  (void)argv;
#ifndef pthread_create
  return ((int*)(&pthread_create))[argc];
#else
  (void)argc;
  return 0;
#endif
}

Determining if the function pthread_create exists in the pthreads failed with the following output:
Change Dir: /home/eliad93/s18_project/cmake-gtest-gbench-starter/build/CMakeFiles/CMakeTmp

Run Build Command:"/usr/bin/make" "cmTC_db501/fast"
make: Warning: File 'Makefile' has modification time 0.81 s in the future
/usr/bin/make -f CMakeFiles/cmTC_db501.dir/build.make CMakeFiles/cmTC_db501.dir/build
make[1]: Entering directory '/home/eliad93/s18_project/cmake-gtest-gbench-starter/build/CMakeFiles/CMakeTmp'
make[1]: Warning: File 'CMakeFiles/cmTC_db501.dir/flags.make' has modification time 0.81 s in the future
Building C object CMakeFiles/cmTC_db501.dir/CheckFunctionExists.c.o
/usr/bin/cc    -DCHECK_FUNCTION_EXISTS=pthread_create   -o CMakeFiles/cmTC_db501.dir/CheckFunctionExists.c.o   -c /usr/share/cmake-3.5/Modules/CheckFunctionExists.c
Linking C executable cmTC_db501
/usr/bin/cmake -E cmake_link_script CMakeFiles/cmTC_db501.dir/link.txt --verbose=1
/usr/bin/cc   -DCHECK_FUNCTION_EXISTS=pthread_create    CMakeFiles/cmTC_db501.dir/CheckFunctionExists.c.o  -o cmTC_db501 -rdynamic -lpthreads 
/usr/bin/ld: cannot find -lpthreads
collect2: error: ld returned 1 exit status
CMakeFiles/cmTC_db501.dir/build.make:97: recipe for target 'cmTC_db501' failed
make[1]: *** [cmTC_db501] Error 1
make[1]: Leaving directory '/home/eliad93/s18_project/cmake-gtest-gbench-starter/build/CMakeFiles/CMakeTmp'
Makefile:126: recipe for target 'cmTC_db501/fast' failed
make: *** [cmTC_db501/fast] Error 2


Performing C++ SOURCE FILE Test HAVE_CXX_FLAG_WSHORTEN_64_TO_32 failed with the following output:
Change Dir: /home/eliad93/s18_project/cmake-gtest-gbench-starter/build/CMakeFiles/CMakeTmp

Run Build Command:"/usr/bin/make" "cmTC_c1260/fast"
make: Warning: File 'Makefile' has modification time 0.8 s in the future
/usr/bin/make -f CMakeFiles/cmTC_c1260.dir/build.make CMakeFiles/cmTC_c1260.dir/build
make[1]: Entering directory '/home/eliad93/s18_project/cmake-gtest-gbench-starter/build/CMakeFiles/CMakeTmp'
make[1]: Warning: File 'CMakeFiles/cmTC_c1260.dir/flags.make' has modification time 0.79 s in the future
Building CXX object CMakeFiles/cmTC_c1260.dir/src.cxx.o
/usr/bin/c++     -std=c++11 -Wall -Wextra -Wshadow -pedantic -pedantic-errors -DHAVE_CXX_FLAG_WSHORTEN_64_TO_32 -Wshorten-64-to-32   -Wshorten-64-to-32 -o CMakeFiles/cmTC_c1260.dir/src.cxx.o -c /home/eliad93/s18_project/cmake-gtest-gbench-starter/build/CMakeFiles/CMakeTmp/src.cxx
c++: error: unrecognized command line option '-Wshorten-64-to-32'
c++: error: unrecognized command line option '-Wshorten-64-to-32'
CMakeFiles/cmTC_c1260.dir/build.make:65: recipe for target 'CMakeFiles/cmTC_c1260.dir/src.cxx.o' failed
make[1]: *** [CMakeFiles/cmTC_c1260.dir/src.cxx.o] Error 1
make[1]: Leaving directory '/home/eliad93/s18_project/cmake-gtest-gbench-starter/build/CMakeFiles/CMakeTmp'
Makefile:126: recipe for target 'cmTC_c1260/fast' failed
make: *** [cmTC_c1260/fast] Error 2

Source file was:
int main() { return 0; }
Performing C++ SOURCE FILE Test HAVE_CXX_FLAG_WTHREAD_SAFETY failed with the following output:
Change Dir: /home/eliad93/s18_project/cmake-gtest-gbench-starter/build/CMakeFiles/CMakeTmp

Run Build Command:"/usr/bin/make" "cmTC_37f3b/fast"
make: Warning: File 'Makefile' has modification time 0.85 s in the future
/usr/bin/make -f CMakeFiles/cmTC_37f3b.dir/build.make CMakeFiles/cmTC_37f3b.dir/build
make[1]: Entering directory '/home/eliad93/s18_project/cmake-gtest-gbench-starter/build/CMakeFiles/CMakeTmp'
make[1]: Warning: File 'CMakeFiles/cmTC_37f3b.dir/flags.make' has modification time 0.84 s in the future
Building CXX object CMakeFiles/cmTC_37f3b.dir/src.cxx.o
/usr/bin/c++     -std=c++11 -Wall -Wextra -Wshadow -pedantic -pedantic-errors -Wfloat-equal -fstrict-aliasing -Wzero-as-null-pointer-constant -Wstrict-aliasing -DHAVE_CXX_FLAG_WTHREAD_SAFETY -Wthread-safety   -Wthread-safety -o CMakeFiles/cmTC_37f3b.dir/src.cxx.o -c /home/eliad93/s18_project/cmake-gtest-gbench-starter/build/CMakeFiles/CMakeTmp/src.cxx
c++: error: unrecognized command line option '-Wthread-safety'
c++: error: unrecognized command line option '-Wthread-safety'
CMakeFiles/cmTC_37f3b.dir/build.make:65: recipe for target 'CMakeFiles/cmTC_37f3b.dir/src.cxx.o' failed
make[1]: *** [CMakeFiles/cmTC_37f3b.dir/src.cxx.o] Error 1
make[1]: Leaving directory '/home/eliad93/s18_project/cmake-gtest-gbench-starter/build/CMakeFiles/CMakeTmp'
Makefile:126: recipe for target 'cmTC_37f3b/fast' failed
make: *** [cmTC_37f3b/fast] Error 2

Source file was:
int main() { return 0; }
